Added Component: Designator=C1(C0805)
Add component. Clean all parameters for all variants
Add component (AddParameter): Name = "value"; Value = "4.7uf"; VariantName = "[No Variations]"
Added Component: Designator=C2(C0805)
Add component. Clean all parameters for all variants
Add component (AddParameter): Name = "value"; Value = "470nf"; VariantName = "[No Variations]"
Added Component: Designator=C3(C0805)
Add component. Clean all parameters for all variants
Add component (AddParameter): Name = "value"; Value = "470nf"; VariantName = "[No Variations]"
Added Component: Designator=C4(C0805)
Add component. Clean all parameters for all variants
Add component (AddParameter): Name = "value"; Value = "470nf"; VariantName = "[No Variations]"
Added Component: Designator=C5(C0805)
Add component. Clean all parameters for all variants
Add component (AddParameter): Name = "value"; Value = "22pf"; VariantName = "[No Variations]"
Added Component: Designator=C6(C0805)
Add component. Clean all parameters for all variants
Add component (AddParameter): Name = "value"; Value = "470nf"; VariantName = "[No Variations]"
Added Component: Designator=C7(C0805)
Add component. Clean all parameters for all variants
Add component (AddParameter): Name = "value"; Value = "470nf"; VariantName = "[No Variations]"
Added Component: Designator=C8(C0805)
Add component. Clean all parameters for all variants
Add component (AddParameter): Name = "value"; Value = "4.7uf"; VariantName = "[No Variations]"
Added Component: Designator=C9(C0805)
Add component. Clean all parameters for all variants
Add component (AddParameter): Name = "value"; Value = "470nf"; VariantName = "[No Variations]"
Added Component: Designator=C10(C0805)
Add component. Clean all parameters for all variants
Add component (AddParameter): Name = "value"; Value = "470nf"; VariantName = "[No Variations]"
Added Component: Designator=C11(C0805)
Add component. Clean all parameters for all variants
Add component (AddParameter): Name = "value"; Value = "22pf"; VariantName = "[No Variations]"
Added Component: Designator=C12(C0805)
Add component. Clean all parameters for all variants
Add component (AddParameter): Name = "value"; Value = "4.7uf"; VariantName = "[No Variations]"
Added Component: Designator=C13(C0805)
Add component. Clean all parameters for all variants
Add component (AddParameter): Name = "value"; Value = "470nf"; VariantName = "[No Variations]"
Added Component: Designator=C14(C0805)
Add component. Clean all parameters for all variants
Add component (AddParameter): Name = "value"; Value = "1nf"; VariantName = "[No Variations]"
Added Component: Designator=C15(C0805)
Add component. Clean all parameters for all variants
Add component (AddParameter): Name = "value"; Value = "100pf"; VariantName = "[No Variations]"
Added Component: Designator=C16(C0805)
Add component. Clean all parameters for all variants
Add component (AddParameter): Name = "value"; Value = "100pf"; VariantName = "[No Variations]"
Added Component: Designator=C17(C0805)
Add component. Clean all parameters for all variants
Add component (AddParameter): Name = "value"; Value = "150pf"; VariantName = "[No Variations]"
Added Component: Designator=C18(C0805)
Add component. Clean all parameters for all variants
Add component (AddParameter): Name = "value"; Value = "22nf"; VariantName = "[No Variations]"
Added Component: Designator=C19(C0805)
Add component. Clean all parameters for all variants
Add component (AddParameter): Name = "value"; Value = "220pf"; VariantName = "[No Variations]"
Added Component: Designator=C20(C0805)
Add component. Clean all parameters for all variants
Add component (AddParameter): Name = "value"; Value = "220pf"; VariantName = "[No Variations]"
Added Component: Designator=C21(C0805)
Add component. Clean all parameters for all variants
Add component (AddParameter): Name = "value"; Value = "4.7uf"; VariantName = "[No Variations]"
Added Component: Designator=C22(C0805)
Add component. Clean all parameters for all variants
Add component (AddParameter): Name = "value"; Value = "4.7uf"; VariantName = "[No Variations]"
Added Component: Designator=C23(C0805)
Add component. Clean all parameters for all variants
Add component (AddParameter): Name = "value"; Value = "10nf"; VariantName = "[No Variations]"
Added Component: Designator=C24(C0805)
Add component. Clean all parameters for all variants
Add component (AddParameter): Name = "value"; Value = "100nf"; VariantName = "[No Variations]"
Added Component: Designator=C25(C0805)
Add component. Clean all parameters for all variants
Add component (AddParameter): Name = "value"; Value = "100nf"; VariantName = "[No Variations]"
Added Component: Designator=C26(C0805)
Add component. Clean all parameters for all variants
Add component (AddParameter): Name = "value"; Value = "4.7uf"; VariantName = "[No Variations]"
Added Component: Designator=C27(C0805)
Add component. Clean all parameters for all variants
Add component (AddParameter): Name = "value"; Value = "4.7uf"; VariantName = "[No Variations]"
Added Component: Designator=C28(C0805)
Add component. Clean all parameters for all variants
Add component (AddParameter): Name = "value"; Value = "4.7uf"; VariantName = "[No Variations]"
Added Component: Designator=C29(C0805)
Add component. Clean all parameters for all variants
Add component (AddParameter): Name = "value"; Value = "100nf"; VariantName = "[No Variations]"
Added Component: Designator=C30(C0805)
Add component. Clean all parameters for all variants
Add component (AddParameter): Name = "value"; Value = "4.7uf"; VariantName = "[No Variations]"
Added Component: Designator=C31(C0805)
Add component. Clean all parameters for all variants
Add component (AddParameter): Name = "value"; Value = "100nf"; VariantName = "[No Variations]"
Added Component: Designator=J1(SMA-3)
Add component. Clean all parameters for all variants
Added Component: Designator=J2(SMA-3)
Add component. Clean all parameters for all variants
Added Component: Designator=J3(SMA-3)
Add component. Clean all parameters for all variants
Added Component: Designator=L1(L0805HQ)
Add component. Clean all parameters for all variants
Add component (AddParameter): Name = "value"; Value = "100nH 300mA"; VariantName = "[No Variations]"
Added Component: Designator=L2(L0805HQ)
Add component. Clean all parameters for all variants
Add component (AddParameter): Name = "value"; Value = "100nH 300mA"; VariantName = "[No Variations]"
Added Component: Designator=L3(L0805HQ)
Add component. Clean all parameters for all variants
Add component (AddParameter): Name = "value"; Value = "4.7uH 180mA"; VariantName = "[No Variations]"
Added Component: Designator=L4(L4020)
Add component. Clean all parameters for all variants
Add component (AddParameter): Name = "value"; Value = "10uH 1.6A"; VariantName = "[No Variations]"
Added Component: Designator=LED1(LED1206)
Add component. Clean all parameters for all variants
Added Component: Designator=P1(HDR1X6)
Add component. Clean all parameters for all variants
Add component (AddParameter): Name = "LatestRevisionDate"; Value = "17-Jul-2002"; VariantName = "[No Variations]"
Add component (AddParameter): Name = "LatestRevisionNote"; Value = "Re-released for DXP Platform."; VariantName = "[No Variations]"
Add component (AddParameter): Name = "Publisher"; Value = "Altium Limited"; VariantName = "[No Variations]"
Added Component: Designator=R1(R0805)
Add component. Clean all parameters for all variants
Add component (AddParameter): Name = "value"; Value = "51R"; VariantName = "[No Variations]"
Added Component: Designator=R2(R0805)
Add component. Clean all parameters for all variants
Add component (AddParameter): Name = "value"; Value = "10K"; VariantName = "[No Variations]"
Added Component: Designator=R3(R0805)
Add component. Clean all parameters for all variants
Add component (AddParameter): Name = "value"; Value = "820R"; VariantName = "[No Variations]"
Added Component: Designator=R4(R0805)
Add component. Clean all parameters for all variants
Add component (AddParameter): Name = "value"; Value = "1K"; VariantName = "[No Variations]"
Added Component: Designator=R5(R0805)
Add component. Clean all parameters for all variants
Add component (AddParameter): Name = "value"; Value = "1K"; VariantName = "[No Variations]"
Added Component: Designator=R6(R0805)
Add component. Clean all parameters for all variants
Add component (AddParameter): Name = "value"; Value = "NC/10K"; VariantName = "[No Variations]"
Added Component: Designator=R7(R0805)
Add component. Clean all parameters for all variants
Add component (AddParameter): Name = "value"; Value = "22R"; VariantName = "[No Variations]"
Added Component: Designator=R8(R0805)
Add component. Clean all parameters for all variants
Add component (AddParameter): Name = "value"; Value = "NC"; VariantName = "[No Variations]"
Added Component: Designator=RN1(RA0603)
Add component. Clean all parameters for all variants
Add component (AddParameter): Name = "value"; Value = "22R"; VariantName = "[No Variations]"
Added Component: Designator=U1(HMC830)
Add component. Clean all parameters for all variants
Added Component: Designator=U2(SPX1117-SOT223)
Add component. Clean all parameters for all variants
Added Component: Designator=Y1(XTAL-3225)
Add component. Clean all parameters for all variants
Add component (AddParameter): Name = "value"; Value = "50.000M"; VariantName = "[No Variations]"
Added Pin To Net: NetName=+5V Pin=C26-2
Added Pin To Net: NetName=+5V Pin=C28-2
Added Pin To Net: NetName=+5V Pin=C29-2
Added Pin To Net: NetName=+5V Pin=L4-1
Added Pin To Net: NetName=+5V Pin=P1-1
Added Pin To Net: NetName=+5V Pin=U2-3
Added Net: Name=+5V
Added Pin To Net: NetName=GND Pin=C1-1
Added Pin To Net: NetName=GND Pin=C2-1
Added Pin To Net: NetName=GND Pin=C3-1
Added Pin To Net: NetName=GND Pin=C4-1
Added Pin To Net: NetName=GND Pin=C5-1
Added Pin To Net: NetName=GND Pin=C6-1
Added Pin To Net: NetName=GND Pin=C7-1
Added Pin To Net: NetName=GND Pin=C8-1
Added Pin To Net: NetName=GND Pin=C9-1
Added Pin To Net: NetName=GND Pin=C10-1
Added Pin To Net: NetName=GND Pin=C11-1
Added Pin To Net: NetName=GND Pin=C12-1
Added Pin To Net: NetName=GND Pin=C13-1
Added Pin To Net: NetName=GND Pin=C17-2
Added Pin To Net: NetName=GND Pin=C18-2
Added Pin To Net: NetName=GND Pin=C19-2
Added Pin To Net: NetName=GND Pin=C20-2
Added Pin To Net: NetName=GND Pin=C21-1
Added Pin To Net: NetName=GND Pin=C22-1
Added Pin To Net: NetName=GND Pin=C23-1
Added Pin To Net: NetName=GND Pin=C26-1
Added Pin To Net: NetName=GND Pin=C27-1
Added Pin To Net: NetName=GND Pin=C28-1
Added Pin To Net: NetName=GND Pin=C29-1
Added Pin To Net: NetName=GND Pin=C30-1
Added Pin To Net: NetName=GND Pin=C31-1
Added Pin To Net: NetName=GND Pin=J1-2
Added Pin To Net: NetName=GND Pin=J1-2
Added Pin To Net: NetName=GND Pin=J1-2
Added Pin To Net: NetName=GND Pin=J1-2
Added Pin To Net: NetName=GND Pin=J2-2
Added Pin To Net: NetName=GND Pin=J2-2
Added Pin To Net: NetName=GND Pin=J2-2
Added Pin To Net: NetName=GND Pin=J2-2
Added Pin To Net: NetName=GND Pin=J3-2
Added Pin To Net: NetName=GND Pin=J3-2
Added Pin To Net: NetName=GND Pin=J3-2
Added Pin To Net: NetName=GND Pin=J3-2
Added Pin To Net: NetName=GND Pin=P1-6
Added Pin To Net: NetName=GND Pin=R2-1
Added Pin To Net: NetName=GND Pin=U1-41
Added Pin To Net: NetName=GND Pin=U2-1
Added Pin To Net: NetName=GND Pin=Y1-2
Added Net: Name=GND
Added Pin To Net: NetName=HMC830_3V3 Pin=C6-2
Added Pin To Net: NetName=HMC830_3V3 Pin=C7-2
Added Pin To Net: NetName=HMC830_3V3 Pin=C8-2
Added Pin To Net: NetName=HMC830_3V3 Pin=C9-2
Added Pin To Net: NetName=HMC830_3V3 Pin=C10-2
Added Pin To Net: NetName=HMC830_3V3 Pin=C11-2
Added Pin To Net: NetName=HMC830_3V3 Pin=C14-1
Added Pin To Net: NetName=HMC830_3V3 Pin=C21-2
Added Pin To Net: NetName=HMC830_3V3 Pin=C30-2
Added Pin To Net: NetName=HMC830_3V3 Pin=C31-2
Added Pin To Net: NetName=HMC830_3V3 Pin=L3-1
Added Pin To Net: NetName=HMC830_3V3 Pin=R1-1
Added Pin To Net: NetName=HMC830_3V3 Pin=U1-1
Added Pin To Net: NetName=HMC830_3V3 Pin=U1-10
Added Pin To Net: NetName=HMC830_3V3 Pin=U1-17
Added Pin To Net: NetName=HMC830_3V3 Pin=U1-35
Added Pin To Net: NetName=HMC830_3V3 Pin=U1-36
Added Pin To Net: NetName=HMC830_3V3 Pin=U1-39
Added Pin To Net: NetName=HMC830_3V3 Pin=U2-2
Added Pin To Net: NetName=HMC830_3V3 Pin=U2-2
Added Net: Name=HMC830_3V3
Added Pin To Net: NetName=HMC830_5V Pin=C27-2
Added Pin To Net: NetName=HMC830_5V Pin=L1-1
Added Pin To Net: NetName=HMC830_5V Pin=L2-1
Added Pin To Net: NetName=HMC830_5V Pin=L4-2
Added Net: Name=HMC830_5V
Added Pin To Net: NetName=NetC1_2 Pin=C1-2
Added Pin To Net: NetName=NetC1_2 Pin=C2-2
Added Pin To Net: NetName=NetC1_2 Pin=C3-2
Added Pin To Net: NetName=NetC1_2 Pin=L1-2
Added Pin To Net: NetName=NetC1_2 Pin=U1-3
Added Pin To Net: NetName=NetC1_2 Pin=U1-7
Added Net: Name=NetC1_2
Added Pin To Net: NetName=NetC4_2 Pin=C4-2
Added Pin To Net: NetName=NetC4_2 Pin=C5-2
Added Pin To Net: NetName=NetC4_2 Pin=L2-2
Added Pin To Net: NetName=NetC4_2 Pin=U1-25
Added Pin To Net: NetName=NetC4_2 Pin=U1-27
Added Net: Name=NetC4_2
Added Pin To Net: NetName=NetC12_2 Pin=C12-2
Added Pin To Net: NetName=NetC12_2 Pin=C13-2
Added Pin To Net: NetName=NetC12_2 Pin=R1-2
Added Pin To Net: NetName=NetC12_2 Pin=U1-16
Added Net: Name=NetC12_2
Added Pin To Net: NetName=NetC14_2 Pin=C14-2
Added Pin To Net: NetName=NetC14_2 Pin=U1-40
Added Net: Name=NetC14_2
Added Pin To Net: NetName=NetC15_1 Pin=C15-1
Added Pin To Net: NetName=NetC15_1 Pin=J1-1
Added Net: Name=NetC15_1
Added Pin To Net: NetName=NetC15_2 Pin=C15-2
Added Pin To Net: NetName=NetC15_2 Pin=U1-28
Added Net: Name=NetC15_2
Added Pin To Net: NetName=NetC16_1 Pin=C16-1
Added Pin To Net: NetName=NetC16_1 Pin=J2-1
Added Net: Name=NetC16_1
Added Pin To Net: NetName=NetC16_2 Pin=C16-2
Added Pin To Net: NetName=NetC16_2 Pin=U1-29
Added Net: Name=NetC16_2
Added Pin To Net: NetName=NetC17_1 Pin=C17-1
Added Pin To Net: NetName=NetC17_1 Pin=R3-2
Added Pin To Net: NetName=NetC17_1 Pin=R4-2
Added Pin To Net: NetName=NetC17_1 Pin=U1-4
Added Net: Name=NetC17_1
Added Pin To Net: NetName=NetC18_1 Pin=C18-1
Added Pin To Net: NetName=NetC18_1 Pin=R3-1
Added Net: Name=NetC18_1
Added Pin To Net: NetName=NetC19_1 Pin=C19-1
Added Pin To Net: NetName=NetC19_1 Pin=R4-1
Added Pin To Net: NetName=NetC19_1 Pin=R5-2
Added Net: Name=NetC19_1
Added Pin To Net: NetName=NetC20_1 Pin=C20-1
Added Pin To Net: NetName=NetC20_1 Pin=R5-1
Added Pin To Net: NetName=NetC20_1 Pin=U1-23
Added Net: Name=NetC20_1
Added Pin To Net: NetName=NetC22_2 Pin=C22-2
Added Pin To Net: NetName=NetC22_2 Pin=L3-2
Added Pin To Net: NetName=NetC22_2 Pin=R6-2
Added Pin To Net: NetName=NetC22_2 Pin=Y1-4
Added Net: Name=NetC22_2
Added Pin To Net: NetName=NetC23_2 Pin=C23-2
Added Pin To Net: NetName=NetC23_2 Pin=C24-2
Added Pin To Net: NetName=NetC23_2 Pin=Y1-3
Added Net: Name=NetC23_2
Added Pin To Net: NetName=NetC24_1 Pin=C24-1
Added Pin To Net: NetName=NetC24_1 Pin=R7-2
Added Net: Name=NetC24_1
Added Pin To Net: NetName=NetC25_1 Pin=C25-1
Added Pin To Net: NetName=NetC25_1 Pin=R8-2
Added Net: Name=NetC25_1
Added Pin To Net: NetName=NetC25_2 Pin=C25-2
Added Pin To Net: NetName=NetC25_2 Pin=J3-1
Added Net: Name=NetC25_2
Added Pin To Net: NetName=NetLED1_1 Pin=LED1-1
Added Pin To Net: NetName=NetLED1_1 Pin=P1-5
Added Pin To Net: NetName=NetLED1_1 Pin=RN1-5
Added Net: Name=NetLED1_1
Added Pin To Net: NetName=NetLED1_2 Pin=LED1-2
Added Pin To Net: NetName=NetLED1_2 Pin=R2-2
Added Net: Name=NetLED1_2
Added Pin To Net: NetName=NetP1_2 Pin=P1-2
Added Pin To Net: NetName=NetP1_2 Pin=RN1-8
Added Net: Name=NetP1_2
Added Pin To Net: NetName=NetP1_3 Pin=P1-3
Added Pin To Net: NetName=NetP1_3 Pin=RN1-7
Added Net: Name=NetP1_3
Added Pin To Net: NetName=NetP1_4 Pin=P1-4
Added Pin To Net: NetName=NetP1_4 Pin=RN1-6
Added Net: Name=NetP1_4
Added Pin To Net: NetName=NetR6_1 Pin=R6-1
Added Pin To Net: NetName=NetR6_1 Pin=Y1-1
Added Net: Name=NetR6_1
Added Pin To Net: NetName=NetRN1_1 Pin=RN1-1
Added Pin To Net: NetName=NetRN1_1 Pin=U1-30
Added Net: Name=NetRN1_1
Added Pin To Net: NetName=NetRN1_2 Pin=RN1-2
Added Pin To Net: NetName=NetRN1_2 Pin=U1-32
Added Net: Name=NetRN1_2
Added Pin To Net: NetName=NetRN1_3 Pin=RN1-3
Added Pin To Net: NetName=NetRN1_3 Pin=U1-31
Added Net: Name=NetRN1_3
Added Pin To Net: NetName=NetRN1_4 Pin=RN1-4
Added Pin To Net: NetName=NetRN1_4 Pin=U1-33
Added Net: Name=NetRN1_4
Added Pin To Net: NetName=XREFP Pin=R7-1
Added Pin To Net: NetName=XREFP Pin=R8-1
Added Pin To Net: NetName=XREFP Pin=U1-15
Added Net: Name=XREFP
Added Class: Name=202004A830
Added Room: Name=202004A830
