Removed Pin From Net: NetName=GND Pin=C10-1
Removed Pin From Net: NetName=HMC830_3V3 Pin=C10-2
Removed Member From Class: ClassName=202004A830 Member=C31
Change Component Designator: OldDesignator=C11 NewDesignator=C10
Change Component Designator: OldDesignator=C12 NewDesignator=C11
Change Component Designator: OldDesignator=C13 NewDesignator=C12
Change Component Designator: OldDesignator=C14 NewDesignator=C13
Change Component Designator: OldDesignator=C15 NewDesignator=C14
Change Component Designator: OldDesignator=C16 NewDesignator=C15
Change Component Designator: OldDesignator=C17 NewDesignator=C16
Change Component Designator: OldDesignator=C18 NewDesignator=C17
Change Component Designator: OldDesignator=C19 NewDesignator=C18
Change Component Designator: OldDesignator=C20 NewDesignator=C19
Change Component Designator: OldDesignator=C21 NewDesignator=C20
Change Component Designator: OldDesignator=C22 NewDesignator=C21
Change Component Designator: OldDesignator=C23 NewDesignator=C22
Change Component Designator: OldDesignator=C24 NewDesignator=C23
Change Component Designator: OldDesignator=C25 NewDesignator=C24
Change Component Designator: OldDesignator=C26 NewDesignator=C25
Change Component Designator: OldDesignator=C27 NewDesignator=C26
Change Component Designator: OldDesignator=C28 NewDesignator=C27
Change Component Designator: OldDesignator=C29 NewDesignator=C28
Change Component Designator: OldDesignator=C30 NewDesignator=C29
Change Component Designator: OldDesignator=C31 NewDesignator=C30
Change Net Name : Old Net Name=NetC12_2 New Net Name=NetC11_2
Change Net Name : Old Net Name=NetC14_2 New Net Name=NetC13_2
Change Net Name : Old Net Name=NetC15_1 New Net Name=NetC14_1
Change Net Name : Old Net Name=NetC15_2 New Net Name=NetC14_2
Change Net Name : Old Net Name=NetC16_1 New Net Name=NetC15_1
Change Net Name : Old Net Name=NetC16_2 New Net Name=NetC15_2
Change Net Name : Old Net Name=NetC17_1 New Net Name=NetC16_1
Change Net Name : Old Net Name=NetC18_1 New Net Name=NetC17_1
Change Net Name : Old Net Name=NetC19_1 New Net Name=NetC18_1
Change Net Name : Old Net Name=NetC20_1 New Net Name=NetC19_1
Change Net Name : Old Net Name=NetC22_2 New Net Name=NetC21_2
Change Net Name : Old Net Name=NetC23_2 New Net Name=NetC22_2
Change Net Name : Old Net Name=NetC24_1 New Net Name=NetC23_1
Change Net Name : Old Net Name=NetC25_1 New Net Name=NetC24_1
Change Net Name : Old Net Name=NetC25_2 New Net Name=NetC24_2
Added Room: Name=202004A830
